2025-02-08 20:52:21,478 [INFO] 
==================================================
开始测试关键词: Python编程
==================================================
2025-02-08 20:52:21,478 [INFO] 开始搜索关键词: Python编程
2025-02-08 20:52:33,317 [INFO] Search Request Details: {
  "timestamp": "2025-02-08T20:52:33.317795",
  "request": {
    "url": "https://wappass.baidu.com/static/captcha/tuxing_v2.html?&logid=9485439938497482036&ak=c27bbc89afca0463650ac9bde68ebe06&backurl=https%3A%2F%2Fwww.baidu.com%2Fs%3Fwd%3DPython%25E7%25BC%2596%25E7%25A8%258B%26pn%3D0%26rn%3D10%26ie%3Dutf-8&ext=x9G9QDmMXq%2FNo87gjGO0P6VJ5gz3WsP4Pf3dEZpPFnixS4CEhQa12Q7nS%2FbwHL39g1T9i%2F9aWxTqDk%2BHyX%2BPs%2FyB5b5vE0OYkixk84KXtGaHZaOSeY9IYd5b3yAJ2%2F%2BJu4VvGFPlp15wo%2BE5UdUXTw%3D%3D&signature=5401d8c63689aa4f0a567281ac02b2b0&timestamp=1739019142",
    "method": "GET",
    "headers": {
      "User-Agent": "Mozilla/5.0 (Windows NT 10.0; Win64; x64) AppleWebKit/537.36 (KHTML, like Gecko) Chrome/120.0.0.0 Safari/537.36",
      "Accept-Encoding": "gzip, deflate, br",
      "Accept": "text/html,application/xhtml+xml,application/xml;q=0.9,image/webp,image/apng,*/*;q=0.8",
      "Connection": "keep-alive",
      "Accept-Language": "zh-CN,zh;q=0.9,en;q=0.8",
      "Cache-Control": "max-age=0",
      "Cookie": "BAIDUID=7514677CFE3B09ECF6C286BF924628D1:FG=1; BIDUPSID=7514677CFE3B09EC487FBF1CF2C6E39A; PSTM=1739019142"
    },
    "keyword": "Python编程"
  },
  "response": {
    "status_code": 200,
    "headers": {
      "Access-Control-Allow-Credentials": "true",
      "Access-Control-Allow-Methods": "GET, POST, OPTIONS",
      "Connection": "keep-alive",
      "Content-Length": "1488",
      "Content-Type": "text/html",
      "Date": "Sat, 08 Feb 2025 12:52:33 GMT",
      "Etag": "W/\"678f3bb3-5d0\"",
      "Last-Modified": "Tue, 21 Jan 2025 06:16:19 GMT",
      "Server": "BWS",
      "Set-Cookie": "BAIDUID_BFESS=7514677CFE3B09ECF6C286BF924628D1:FG=1; Path=/; Domain=baidu.com; Expires=Sun, 08 Feb 2026 12:52:34 GMT; Max-Age=31536000; Secure; SameSite=None",
      "Strict-Transport-Security": "max-age=31536000",
      "Tracecode": "30689528210405974282020820",
      "Vary": "Accept-Encoding"
    },
    "encoding": "ISO-8859-1",
    "cookies": {
      "BAIDUID_BFESS": "7514677CFE3B09ECF6C286BF924628D1:FG=1"
    }
  }
}
2025-02-08 20:52:33,318 [INFO] 搜索成功, 响应长度: 1488 bytes
2025-02-08 20:52:33,318 [INFO] 搜索结果已保存到文件: search_result_1739019153_Python编程.html
2025-02-08 20:52:33,319 [INFO] 
响应分析:
- 内容长度: 1488 bytes
- 编码方式: ISO-8859-1
- 内容类型: text/html

2025-02-08 20:52:35,319 [INFO] 
==================================================
开始测试关键词: 网络爬虫
==================================================
2025-02-08 20:52:35,320 [INFO] 开始搜索关键词: 网络爬虫
2025-02-08 20:52:36,535 [INFO] Search Request Details: {
  "timestamp": "2025-02-08T20:52:36.535010",
  "request": {
    "url": "https://www.baidu.com/s?wd=%E7%BD%91%E7%BB%9C%E7%88%AC%E8%99%AB&pn=0&rn=10&ie=utf-8",
    "method": "GET",
    "headers": {
      "User-Agent": "Mozilla/5.0 (Windows NT 10.0; Win64; x64) AppleWebKit/537.36 (KHTML, like Gecko) Chrome/120.0.0.0 Safari/537.36",
      "Accept-Encoding": "gzip, deflate, br",
      "Accept": "text/html,application/xhtml+xml,application/xml;q=0.9,image/webp,image/apng,*/*;q=0.8",
      "Connection": "keep-alive",
      "Accept-Language": "zh-CN,zh;q=0.9,en;q=0.8",
      "Cache-Control": "max-age=0",
      "Cookie": "BAIDUID=7514677CFE3B09ECF6C286BF924628D1:FG=1; BIDUPSID=7514677CFE3B09EC487FBF1CF2C6E39A; PSTM=1739019142; BAIDUID_BFESS=7514677CFE3B09ECF6C286BF924628D1:FG=1; H_PS_PSSID=60278_61027_61803_61985_62056_62068; BDSVRTM=3; BD_HOME=1"
    },
    "keyword": "网络爬虫"
  },
  "response": {
    "status_code": 200,
    "headers": {
      "Bdpagetype": "3",
      "Bdqid": "0xabb16234004d8191",
      "Cache-Control": "private",
      "Ckpacknum": "2",
      "Ckrndstr": "4004d8191",
      "Connection": "keep-alive",
      "Content-Encoding": "br",
      "Content-Security-Policy": "frame-ancestors 'self' https://chat.baidu.com http://mirror-chat.baidu.com https://fj-chat.baidu.com https://hba-chat.baidu.com https://hbe-chat.baidu.com https://njjs-chat.baidu.com https://nj-chat.baidu.com https://hna-chat.baidu.com https://hnb-chat.baidu.com http://debug.baidu-int.com;",
      "Content-Type": "text/html;charset=utf-8",
      "Date": "Sat, 08 Feb 2025 12:52:36 GMT",
      "Server": "BWS/1.1",
      "Set-Cookie": "H_PS_PSSID=60278_61027_61803_61985_62056_62068; path=/; expires=Sun, 08-Feb-26 12:52:36 GMT; domain=.baidu.com, X-Use-Search-BFF-WWW=deleted; expires=Thu, 01-Jan-1970 00:00:01 GMT; path=/; domain=.baidu.com, delPer=0; path=/; domain=.baidu.com, BD_CK_SAM=1;path=/, PSINO=7; domain=.baidu.com; path=/, BDSVRTM=19; path=/",
      "Strict-Transport-Security": "max-age=172800",
      "Traceid": "1739019156089831629812371777626846364049",
      "Vary": "Accept-Encoding",
      "X-Ua-Compatible": "IE=Edge,chrome=1",
      "X-Xss-Protection": "1;mode=block",
      "Transfer-Encoding": "chunked"
    },
    "encoding": "utf-8",
    "cookies": {
      "H_PS_PSSID": "60278_61027_61803_61985_62056_62068",
      "delPer": "0",
      "PSINO": "7",
      "BD_CK_SAM": "1",
      "BDSVRTM": "19"
    }
  }
}
2025-02-08 20:52:36,538 [INFO] 搜索成功, 响应长度: 263345 bytes
2025-02-08 20:52:36,543 [INFO] 搜索结果已保存到文件: search_result_1739019156_网络爬虫.html
2025-02-08 20:52:36,546 [INFO] 
响应分析:
- 内容长度: 263345 bytes
- 编码方式: utf-8
- 内容类型: text/html;charset=utf-8

2025-02-08 20:52:38,546 [INFO] 
==================================================
开始测试关键词: API测试
==================================================
2025-02-08 20:52:38,546 [INFO] 开始搜索关键词: API测试
2025-02-08 20:52:39,635 [INFO] Search Request Details: {
  "timestamp": "2025-02-08T20:52:39.635488",
  "request": {
    "url": "https://www.baidu.com/s?wd=API%E6%B5%8B%E8%AF%95&pn=0&rn=10&ie=utf-8",
    "method": "GET",
    "headers": {
      "User-Agent": "Mozilla/5.0 (Windows NT 10.0; Win64; x64) AppleWebKit/537.36 (KHTML, like Gecko) Chrome/120.0.0.0 Safari/537.36",
      "Accept-Encoding": "gzip, deflate, br",
      "Accept": "text/html,application/xhtml+xml,application/xml;q=0.9,image/webp,image/apng,*/*;q=0.8",
      "Connection": "keep-alive",
      "Accept-Language": "zh-CN,zh;q=0.9,en;q=0.8",
      "Cache-Control": "max-age=0",
      "Cookie": "BAIDUID=7514677CFE3B09ECF6C286BF924628D1:FG=1; BIDUPSID=7514677CFE3B09EC487FBF1CF2C6E39A; PSTM=1739019142; BAIDUID_BFESS=7514677CFE3B09ECF6C286BF924628D1:FG=1; H_PS_PSSID=60278_61027_61803_61985_62056_62068; delPer=0; PSINO=7; BDSVRTM=10; BD_HOME=1; BD_CK_SAM=1"
    },
    "keyword": "API测试"
  },
  "response": {
    "status_code": 200,
    "headers": {
      "Bdpagetype": "3",
      "Bdqid": "0x87554fef0090f93a",
      "Cache-Control": "private",
      "Ckpacknum": "2",
      "Ckrndstr": "f0090f93a",
      "Connection": "keep-alive",
      "Content-Encoding": "br",
      "Content-Security-Policy": "frame-ancestors 'self' https://chat.baidu.com http://mirror-chat.baidu.com https://fj-chat.baidu.com https://hba-chat.baidu.com https://hbe-chat.baidu.com https://njjs-chat.baidu.com https://nj-chat.baidu.com https://hna-chat.baidu.com https://hnb-chat.baidu.com http://debug.baidu-int.com;",
      "Content-Type": "text/html;charset=utf-8",
      "Date": "Sat, 08 Feb 2025 12:52:39 GMT",
      "Server": "BWS/1.1",
      "Set-Cookie": "H_PS_PSSID=60278_61027_61803_61985_62056_62068; path=/; expires=Sun, 08-Feb-26 12:52:39 GMT; domain=.baidu.com, X-Use-Search-BFF-WWW=deleted; expires=Thu, 01-Jan-1970 00:00:01 GMT; path=/; domain=.baidu.com, delPer=0; path=/; domain=.baidu.com, BD_CK_SAM=1;path=/, PSINO=7; domain=.baidu.com; path=/, BDSVRTM=52; path=/",
      "Strict-Transport-Security": "max-age=172800",
      "Traceid": "173901915905484195949751788456065956154",
      "Vary": "Accept-Encoding",
      "X-Ua-Compatible": "IE=Edge,chrome=1",
      "X-Xss-Protection": "1;mode=block",
      "Transfer-Encoding": "chunked"
    },
    "encoding": "utf-8",
    "cookies": {
      "H_PS_PSSID": "60278_61027_61803_61985_62056_62068",
      "delPer": "0",
      "PSINO": "7",
      "BD_CK_SAM": "1",
      "BDSVRTM": "52"
    }
  }
}
2025-02-08 20:52:39,638 [INFO] 搜索成功, 响应长度: 214089 bytes
2025-02-08 20:52:39,642 [INFO] 搜索结果已保存到文件: search_result_1739019159_API测试.html
2025-02-08 20:52:39,645 [INFO] 
响应分析:
- 内容长度: 214089 bytes
- 编码方式: utf-8
- 内容类型: text/html;charset=utf-8

